[debug] [2017-11-29T20:03:55.391Z] ----------------------------------------------------------------------
[debug] [2017-11-29T20:03:55.394Z] Command:       /usr/local/bin/node /usr/local/bin/firebase init
[debug] [2017-11-29T20:03:55.394Z] CLI Version:   3.10.0
[debug] [2017-11-29T20:03:55.394Z] Platform:      darwin
[debug] [2017-11-29T20:03:55.394Z] Node Version:  v6.9.5
[debug] [2017-11-29T20:03:55.395Z] Time:          Wed Nov 29 2017 13:03:55 GMT-0700 (MST)
[debug] [2017-11-29T20:03:55.395Z] ----------------------------------------------------------------------
[debug] 
[debug] [2017-11-29T20:03:55.405Z] > command requires scopes: ["email","openid","https://www.googleapis.com/auth/cloudplatformprojects.readonly","https://www.googleapis.com/auth/firebase"]
[debug] [2017-11-29T20:03:55.406Z] > authorizing via signed-in user
[info] 
     🔥🔥🔥🔥🔥🔥🔥🔥 🔥🔥🔥🔥 🔥🔥🔥🔥🔥🔥🔥🔥  🔥🔥🔥🔥🔥🔥🔥🔥 🔥🔥🔥🔥🔥🔥🔥🔥     🔥🔥🔥     🔥🔥🔥🔥🔥🔥  🔥🔥🔥🔥🔥🔥🔥🔥
     🔥🔥        🔥🔥  🔥🔥     🔥🔥 🔥🔥       🔥🔥     🔥🔥  🔥🔥   🔥🔥  🔥🔥       🔥🔥
     🔥🔥🔥🔥🔥🔥    🔥🔥  🔥🔥🔥🔥🔥🔥🔥🔥  🔥🔥🔥🔥🔥🔥   🔥🔥🔥🔥🔥🔥🔥🔥  🔥🔥🔥🔥🔥🔥🔥🔥🔥  🔥🔥🔥🔥🔥🔥  🔥🔥🔥🔥🔥🔥
     🔥🔥        🔥🔥  🔥🔥    🔥🔥  🔥🔥       🔥🔥     🔥🔥 🔥🔥     🔥🔥       🔥🔥 🔥🔥
     🔥🔥       🔥🔥🔥🔥 🔥🔥     🔥🔥 🔥🔥🔥🔥🔥🔥🔥🔥 🔥🔥🔥🔥🔥🔥🔥🔥  🔥🔥     🔥🔥  🔥🔥🔥🔥🔥🔥  🔥🔥🔥🔥🔥🔥🔥🔥

You're about to initialize a Firebase project in this directory:

  /Users/geralleestes/Desktop/galvanize/unit-3/inbox-clone/client

[info] 
=== Project Setup
[info] 
[info] First, let's associate this project directory with a Firebase project.
[info] You can create multiple project aliases by running firebase use --add, 
[info] but for now we'll just set up a default project.
[info] 
[debug] [2017-11-29T20:04:27.541Z] > refreshing access token with scopes: ["email","https://www.googleapis.com/auth/cloudplatformprojects.readonly","https://www.googleapis.com/auth/firebase","openid"]
[debug] [2017-11-29T20:04:27.541Z] >>> HTTP REQUEST POST https://www.googleapis.com/oauth2/v3/token { refresh_token: '1/Clfr8JzUX0a2RbCuM9xXxMLWkPZsXjEt1953VJNKpnnMRsJQkJADkoGpYN5XVGDQ',
  client_id: '563584335869-fgrhgmd47bqnekij5i8b5pr03ho849e6.apps.googleusercontent.com',
  client_secret: 'j9iVZfS8kkCEFUPaAeJV0sAi',
  grant_type: 'refresh_token',
  scope: 'email https://www.googleapis.com/auth/cloudplatformprojects.readonly https://www.googleapis.com/auth/firebase openid' } 
 Wed Nov 29 2017 13:04:27 GMT-0700 (MST)
[debug] [2017-11-29T20:04:27.792Z] <<< HTTP RESPONSE 200
[debug] [2017-11-29T20:04:27.795Z] >>> HTTP REQUEST GET https://admin.firebase.com/v1/projects  
 Wed Nov 29 2017 13:04:27 GMT-0700 (MST)
[debug] [2017-11-29T20:04:28.598Z] <<< HTTP RESPONSE 200
[info] 
=== Hosting Setup
[info] 
[info] Your public directory is the folder (relative to your project directory) that
[info] will contain Hosting assets to be uploaded with firebase deploy. If you
[info] have a build process for your assets, use your build's output directory.
[info] 
